Arguments: 
  C:\Program Files\nodejs\node.exe C:\Users\mathe\.node\corepack\yarn\1.22.15\bin\yarn.js add socket.io

PATH: 
  C:\WINDOWS\system32;C:\WINDOWS;C:\WINDOWS\System32\Wbem;C:\WINDOWS\System32\WindowsPowerShell\v1.0\;C:\WINDOWS\System32\OpenSSH\;C:\Program Files\NVIDIA Corporation\NVIDIA NvDLISR;C:\Program Files (x86)\NVIDIA Corporation\PhysX\Common;C:\Program Files\nodejs\;C:\Program Files\Git\cmd;C:\Users\mathe\AppData\Local\Microsoft\WindowsApps;;C:\Users\mathe\AppData\Local\Programs\Microsoft VS Code\bin;C:\Users\mathe\AppData\Roaming\npm;C:\Program Files\heroku\bin

Yarn version: 
  1.22.15

Node version: 
  16.14.0

Platform: 
  win32 x64

Trace: 
  Error: https://registry.yarnpkg.com/ws/-/ws-8.2.3.tgz: Request failed "502 Bad Gateway"
      at ResponseError.ExtendableBuiltin (C:\Users\mathe\.node\corepack\yarn\1.22.15\lib\cli.js:696:66)
      at new ResponseError (C:\Users\mathe\.node\corepack\yarn\1.22.15\lib\cli.js:802:124)
      at Request.<anonymous> (C:\Users\mathe\.node\corepack\yarn\1.22.15\lib\cli.js:66210:16)
      at Request.emit (node:events:520:28)
      at Request.module.exports.Request.onRequestResponse (C:\Users\mathe\.node\corepack\yarn\1.22.15\lib\cli.js:141762:10)
      at ClientRequest.emit (node:events:520:28)
      at HTTPParser.parserOnIncomingClient (node:_http_client:618:27)
      at HTTPParser.parserOnHeadersComplete (node:_http_common:128:17)
      at TLSSocket.socketOnData (node:_http_client:482:22)
      at TLSSocket.emit (node:events:520:28)

npm manifest: 
  {
    "name": "chess-server",
    "version": "1.0.0",
    "description": "Chess Server in realtime",
    "main": "server.js",
    "scripts": {
      "test": "echo \"Error: no test specified\" && exit 1"
    },
    "author": "Matheus Cordeiro",
    "license": "MIT",
    "dependencies": {
      "moment": "^2.29.4"
    }
  }

yarn manifest: 
  No manifest

Lockfile: 
  # THIS IS AN AUTOGENERATED FILE. DO NOT EDIT THIS FILE DIRECTLY.
  # yarn lockfile v1
  
  
  moment@^2.29.4:
    version "2.29.4"
    resolved "https://registry.yarnpkg.com/moment/-/moment-2.29.4.tgz#3dbe052889fe7c1b2ed966fcb3a77328964ef108"
    integrity sha512-5LC9SOxjSc2HF6vO2CyuTDNivEdoz2IvyJJGj6X8DJ0eFyfszE0QiEd+iXmBvUP3WHxSjFH/vIsA0EN00cgr8w==
